#
# A fatal error has been detected by the Java Runtime Environment:
#
#  SIGSEGV (0xb) at pc=0xb55cfffe, pid=8101, tid=3077839680
#
# JRE version: 7.0_15-b20
# Java VM: OpenJDK Client VM (23.7-b01 mixed mode, sharing linux-x86 )
# Problematic frame:
# J  java.nio.Buffer.<init>(IIII)V
#
# Failed to write core dump. Core dumps have been disabled. To enable core dumping, try "ulimit -c unlimited" before starting Java again
#
# If you would like to submit a bug report, please include
# instructions on how to reproduce the bug and visit:
#   https://bugs.launchpad.net/ubuntu/+source/openjdk-7/
#

---------------  T H R E A D  ---------------

Current thread (0xb7506800):  JavaThread "main" [_thread_in_Java, id=8112, stack(0xb76f1000,0xb7742000)]

siginfo:si_signo=SIGSEGV: si_errno=0, si_code=128 (), si_addr=0x00000000

Registers:
EAX=0x941b4ff8, EBX=0x00002000, ECX=0x6f9073a8, EDX=0x00002000
ESP=0xb77402a0, EBP=0xb7740348, ESI=0x00002000, EDI=0xb55cffd0
EIP=0xb55cfffe, EFLAGS=0x00010206, CR2=0x00000000

Top of Stack: (sp=0xb77402a0)
0xb77402a0:   941eb548 00000000 941ebde8 00000000
0xb77402b0:   b77402bc b77402e4 b55032c7 948a7e01
0xb77402c0:   6f907380 b77402c4 937d841c ffffffff
0xb77402d0:   941eb548 00000000 941ebf28 00000000
0xb77402e0:   0158fff4 b7506800 b7506800 b774038c
0xb77402f0:   013547ff 94892420 b7740348 b55032c7
0xb7740300:   00000000 00002000 00002000 0158fff4
0xb7740310:   b55032c7 00002000 00002000 00000000 

Instructions: (pc=0xb55cfffe)
0xb55cffde:   2c 8b 5c 24 68 c7 41 10 ff ff ff ff c7 41 14 00
0xb55cffee:   00 00 00 83 fb 00 0f 8c 13 02 00 00 8b 54 24 64
0xb55cfffe:   89 59 1c 8b d9 8b cb 89 5c 24 28 90 90 e8 80 d3
0xb55d000e:   f5 ff 8b 54 24 60 8b 4c 24 28 90 90 90 e8 70 d3 

Register to memory mapping:

EAX=0x941b4ff8 is an oop
{method} 
 - klass: {other class}
EBX=0x00002000 is an unknown value
ECX=0x6f9073a8 is an oop
java.nio.HeapByteBuffer 
 - klass: 'java/nio/HeapByteBuffer'
EDX=0x00002000 is an unknown value
ESP=0xb77402a0 is pointing into the stack for thread: 0xb7506800
EBP=0xb7740348 is pointing into the stack for thread: 0xb7506800
ESI=0x00002000 is an unknown value
EDI=0xb55cfdc8 [CodeBlob (0xb55cfdc8)]
Framesize: 24


Stack: [0xb76f1000,0xb7742000],  sp=0xb77402a0,  free space=316k
Native frames: (J=compiled Java code, j=interpreted, Vv=VM code, C=native code)
J  java.nio.Buffer.<init>(IIII)V
j  java.nio.HeapByteBuffer.<init>(II)V+9
j  java.nio.ByteBuffer.allocate(I)Ljava/nio/ByteBuffer;+18
j  sun.nio.cs.StreamDecoder.<init>(Ljava/io/InputStream;Ljava/lang/Object;Ljava/nio/charset/CharsetDecoder;)V+49
j  sun.nio.cs.StreamDecoder.<init>(Ljava/io/InputStream;Ljava/lang/Object;Ljava/nio/charset/Charset;)V+19
j  sun.nio.cs.StreamDecoder.forInputStreamReader(Ljava/io/InputStream;Ljava/lang/Object;Ljava/lang/String;)Lsun/nio/cs/StreamDecoder;+30
j  java.io.InputStreamReader.<init>(Ljava/io/InputStream;Ljava/lang/String;)V+23
j  org.codehaus.plexus.util.xml.XmlReader.prepareReader(Ljava/io/InputStream;Ljava/lang/String;)V+7
j  org.codehaus.plexus.util.xml.XmlReader.doRawStream(Ljava/io/InputStream;Z)V+49
j  org.codehaus.plexus.util.xml.XmlReader.<init>(Ljava/io/InputStream;Z)V+14
j  org.codehaus.plexus.util.xml.XmlReader.<init>(Ljava/io/InputStream;)V+3
j  org.codehaus.plexus.util.xml.XmlStreamReader.<init>(Ljava/io/InputStream;)V+2
j  org.codehaus.plexus.util.ReaderFactory.newXmlReader(Ljava/io/InputStream;)Lorg/codehaus/plexus/util/xml/XmlStreamReader;+5
j  org.sonatype.guice.plexus.scanners.PlexusXmlScanner.filteredXmlReader(Ljava/io/InputStream;Ljava/util/Map;)Ljava/io/Reader;+1
j  org.sonatype.guice.plexus.scanners.PlexusXmlScanner.parseComponentsXml(Ljava/net/URL;Lorg/sonatype/guice/plexus/scanners/PlexusTypeRegistry;)V+21
j  org.sonatype.guice.plexus.scanners.PlexusXmlScanner.scan(Lorg/sonatype/guice/bean/reflect/ClassSpace;Z)Ljava/util/Map;+78
j  org.sonatype.guice.plexus.binders.PlexusXmlBeanModule.configure(Lcom/google/inject/Binder;)Lorg/sonatype/guice/plexus/config/PlexusBeanSource;+72
j  org.sonatype.guice.plexus.binders.PlexusBindingModule.configure(Lcom/google/inject/Binder;)V+41
j  com.google.inject.spi.Elements$RecordingBinder.install(Lcom/google/inject/Module;)V+31
j  com.google.inject.spi.Elements.getElements(Lcom/google/inject/Stage;Ljava/lang/Iterable;)Ljava/util/List;+40
j  com.google.inject.spi.Elements.getElements([Lcom/google/inject/Module;)Ljava/util/List;+7
j  org.sonatype.guice.bean.binders.MergedModule.configure(Lcom/google/inject/Binder;)V+48
j  com.google.inject.spi.Elements$RecordingBinder.install(Lcom/google/inject/Module;)V+31
j  com.google.inject.spi.Elements.getElements(Lcom/google/inject/Stage;Ljava/lang/Iterable;)Ljava/util/List;+40
j  com.google.inject.internal.InjectorShell$Builder.build(Lcom/google/inject/internal/Initializer;Lcom/google/inject/internal/ProcessedBindingData;Lcom/google/inject/internal/util/Stopwatch;Lcom/google/inject/internal/Errors;)Ljava/util/List;+99
j  com.google.inject.internal.InternalInjectorCreator.build()Lcom/google/inject/Injector;+48
j  com.google.inject.Guice.createInjector(Lcom/google/inject/Stage;Ljava/lang/Iterable;)Lcom/google/inject/Injector;+15
j  com.google.inject.Guice.createInjector(Ljava/lang/Iterable;)Lcom/google/inject/Injector;+4
j  com.google.inject.Guice.createInjector([Lcom/google/inject/Module;)Lcom/google/inject/Injector;+4
j  org.codehaus.plexus.DefaultPlexusContainer.addPlexusInjector(Ljava/util/List;[Lcom/google/inject/Module;)V+88
j  org.codehaus.plexus.DefaultPlexusContainer.<init>(Lorg/codehaus/plexus/ContainerConfiguration;[Lcom/google/inject/Module;)V+380
j  org.codehaus.plexus.DefaultPlexusContainer.<init>(Lorg/codehaus/plexus/ContainerConfiguration;)V+5
j  org.apache.maven.cli.MavenCli.container(Lorg/apache/maven/cli/MavenCli$CliRequest;)V+81
j  org.apache.maven.cli.MavenCli.doMain(Lorg/apache/maven/cli/MavenCli$CliRequest;)I+27
j  org.apache.maven.cli.MavenCli.main([Ljava/lang/String;Lorg/codehaus/plexus/classworlds/ClassWorld;)I+18
v  ~StubRoutines::call_stub
V  [libjvm.so+0x280d2f]  JavaCalls::call_helper(JavaValue*, methodHandle*, JavaCallArguments*, Thread*)+0x57f


---------------  P R O C E S S  ---------------

Java Threads: ( => current thread )
  0xb49fd400 JavaThread "com.google.common.base.internal.Finalizer" daemon [_thread_blocked, id=8120, stack(0xb48af000,0xb4900000)]
  0xb7543000 JavaThread "Service Thread" daemon [_thread_blocked, id=8118, stack(0xb4e2e000,0xb4e7f000)]
  0xb7541000 JavaThread "C1 CompilerThread0" daemon [_thread_blocked, id=8117, stack(0xb4e7f000,0xb4f00000)]
  0xb753f800 JavaThread "Signal Dispatcher" daemon [_thread_blocked, id=8116, stack(0xb5009000,0xb505a000)]
  0xb7531400 JavaThread "Finalizer" daemon [_thread_blocked, id=8115, stack(0xb505a000,0xb50ab000)]
  0xb752fc00 JavaThread "Reference Handler" daemon [_thread_blocked, id=8114, stack(0xb50ab000,0xb50fc000)]
=>0xb7506800 JavaThread "main" [_thread_in_Java, id=8112, stack(0xb76f1000,0xb7742000)]

Other Threads:
  0xb752e400 VMThread [stack: 0xb50fc000,0xb517d000] [id=8113]
  0xb754d800 WatcherThread [stack: 0xb4a7f000,0xb4b00000] [id=8119]

VM state:not at safepoint (normal execution)

VM Mutex/Monitor currently owned by a thread: None

Heap
 def new generation   total 4928K, used 2206K [0x6f780000, 0x6fcd0000, 0x7a220000)
  eden space 4416K,  38% used [0x6f780000, 0x6f9279b0, 0x6fbd0000)
  from space 512K, 100% used [0x6fc50000, 0x6fcd0000, 0x6fcd0000)
  to   space 512K,   0% used [0x6fbd0000, 0x6fbd0000, 0x6fc50000)
 tenured generation   total 10944K, used 1183K [0x7a220000, 0x7acd0000, 0x8f780000)
   the space 10944K,  10% used [0x7a220000, 0x7a347eb0, 0x7a348000, 0x7acd0000)
 compacting perm gen  total 12288K, used 1882K [0x8f780000, 0x90380000, 0x93780000)
   the space 12288K,  15% used [0x8f780000, 0x8f956818, 0x8f956a00, 0x90380000)
    ro space 10240K,  60% used [0x93780000, 0x93d92050, 0x93d92200, 0x94180000)
    rw space 12288K,  61% used [0x94180000, 0x948e80a0, 0x948e8200, 0x94d80000)

Card table byte_map: [0xb53d4000,0xb5500000] byte_map_base: 0xb5058400

Polling page: 0xb775c000

Code Cache  [0xb5500000, 0xb55d8000, 0xb7500000)
 total_blobs=314 nmethods=172 adapters=77 free_code_cache=31912Kb largest_free_block=32678720

Compilation events (10 events):
Event: 0,864 Thread 0xb7541000  168   !         java.nio.CharBuffer::wrap (20 bytes)
Event: 0,864 Thread 0xb7541000 nmethod 168 0xb55d27c8 code [0xb55d28f0, 0xb55d2a98]
Event: 0,864 Thread 0xb7541000  169             java.nio.HeapCharBuffer::<init> (14 bytes)
Event: 0,865 Thread 0xb7541000 nmethod 169 0xb55d2c08 code [0xb55d2d10, 0xb55d2dec]
Event: 0,865 Thread 0xb7541000  170             java.nio.CharBuffer::<init> (22 bytes)
Event: 0,865 Thread 0xb7541000 nmethod 170 0xb55d2e88 code [0xb55d2f80, 0xb55d304c]
Event: 0,865 Thread 0xb7541000  171   !         sun.nio.cs.StreamDecoder::read0 (116 bytes)
Event: 0,866 Thread 0xb7541000 nmethod 171 0xb55d30c8 code [0xb55d3200, 0xb55d35dc]
Event: 0,866 Thread 0xb7541000  172             org.codehaus.plexus.util.xml.pull.MXParser::nextImpl (1190 bytes)
Event: 0,872 Thread 0xb7541000 nmethod 172 0xb55d3708 code [0xb55d3b10, 0xb55d4c10]

GC Heap History (6 events):
Event: 0,345 GC heap before
{Heap before GC invocations=0 (full 0):
 def new generation   total 4928K, used 4416K [0x6f780000, 0x6fcd0000, 0x7a220000)
  eden space 4416K, 100% used [0x6f780000, 0x6fbd0000, 0x6fbd0000)
  from space 512K,   0% used [0x6fbd0000, 0x6fbd0000, 0x6fc50000)
  to   space 512K,   0% used [0x6fc50000, 0x6fc50000, 0x6fcd0000)
 tenured generation   total 10944K, used 0K [0x7a220000, 0x7acd0000, 0x8f780000)
   the space 10944K,   0% used [0x7a220000, 0x7a220000, 0x7a220200, 0x7acd0000)
 compacting perm gen  total 12288K, used 675K [0x8f780000, 0x90380000, 0x93780000)
   the space 12288K,   5% used [0x8f780000, 0x8f828d38, 0x8f828e00, 0x90380000)
    ro space 10240K,  60% used [0x93780000, 0x93d92050, 0x93d92200, 0x94180000)
    rw space 12288K,  61% used [0x94180000, 0x948e80a0, 0x948e8200, 0x94d80000)
Event: 0,352 GC heap after
Heap after GC invocations=1 (full 0):
 def new generation   total 4928K, used 512K [0x6f780000, 0x6fcd0000, 0x7a220000)
  eden space 4416K,   0% used [0x6f780000, 0x6f780000, 0x6fbd0000)
  from space 512K, 100% used [0x6fc50000, 0x6fcd0000, 0x6fcd0000)
  to   space 512K,   0% used [0x6fbd0000, 0x6fbd0000, 0x6fc50000)
 tenured generation   total 10944K, used 450K [0x7a220000, 0x7acd0000, 0x8f780000)
   the space 10944K,   4% used [0x7a220000, 0x7a290900, 0x7a290a00, 0x7acd0000)
 compacting perm gen  total 12288K, used 675K [0x8f780000, 0x90380000, 0x93780000)
   the space 12288K,   5% used [0x8f780000, 0x8f828d38, 0x8f828e00, 0x90380000)
    ro space 10240K,  60% used [0x93780000, 0x93d92050, 0x93d92200, 0x94180000)
    rw space 12288K,  61% used [0x94180000, 0x948e80a0, 0x948e8200, 0x94d80000)
}
Event: 0,528 GC heap before
{Heap before GC invocations=1 (full 0):
 def new generation   total 4928K, used 4928K [0x6f780000, 0x6fcd0000, 0x7a220000)
  eden space 4416K, 100% used [0x6f780000, 0x6fbd0000, 0x6fbd0000)
  from space 512K, 100% used [0x6fc50000, 0x6fcd0000, 0x6fcd0000)
  to   space 512K,   0% used [0x6fbd0000, 0x6fbd0000, 0x6fc50000)
 tenured generation   total 10944K, used 450K [0x7a220000, 0x7acd0000, 0x8f780000)
   the space 10944K,   4% used [0x7a220000, 0x7a290900, 0x7a290a00, 0x7acd0000)
 compacting perm gen  total 12288K, used 1210K [0x8f780000, 0x90380000, 0x93780000)
   the space 12288K,   9% used [0x8f780000, 0x8f8ae838, 0x8f8aea00, 0x90380000)
    ro space 10240K,  60% used [0x93780000, 0x93d92050, 0x93d92200, 0x94180000)
    rw space 12288K,  61% used [0x94180000, 0x948e80a0, 0x948e8200, 0x94d80000)
Event: 0,535 GC heap after
Heap after GC invocations=2 (full 0):
 def new generation   total 4928K, used 512K [0x6f780000, 0x6fcd0000, 0x7a220000)
  eden space 4416K,   0% used [0x6f780000, 0x6f780000, 0x6fbd0000)
  from space 512K, 100% used [0x6fbd0000, 0x6fc50000, 0x6fc50000)
  to   space 512K,   0% used [0x6fc50000, 0x6fc50000, 0x6fcd0000)
 tenured generation   total 10944K, used 989K [0x7a220000, 0x7acd0000, 0x8f780000)
   the space 10944K,   9% used [0x7a220000, 0x7a317560, 0x7a317600, 0x7acd0000)
 compacting perm gen  total 12288K, used 1210K [0x8f780000, 0x90380000, 0x93780000)
   the space 12288K,   9% used [0x8f780000, 0x8f8ae838, 0x8f8aea00, 0x90380000)
    ro space 10240K,  60% used [0x93780000, 0x93d92050, 0x93d92200, 0x94180000)
    rw space 12288K,  61% used [0x94180000, 0x948e80a0, 0x948e8200, 0x94d80000)
}
Event: 0,768 GC heap before
{Heap before GC invocations=2 (full 0):
 def new generation   total 4928K, used 4928K [0x6f780000, 0x6fcd0000, 0x7a220000)
  eden space 4416K, 100% used [0x6f780000, 0x6fbd0000, 0x6fbd0000)
  from space 512K, 100% used [0x6fbd0000, 0x6fc50000, 0x6fc50000)
  to   space 512K,   0% used [0x6fc50000, 0x6fc50000, 0x6fcd0000)
 tenured generation   total 10944K, used 989K [0x7a220000, 0x7acd0000, 0x8f780000)
   the space 10944K,   9% used [0x7a220000, 0x7a317560, 0x7a317600, 0x7acd0000)
 compacting perm gen  total 12288K, used 1737K [0x8f780000, 0x90380000, 0x93780000)
   the space 12288K,  14% used [0x8f780000, 0x8f9326e8, 0x8f932800, 0x90380000)
    ro space 10240K,  60% used [0x93780000, 0x93d92050, 0x93d92200, 0x94180000)
    rw space 12288K,  61% used [0x94180000, 0x948e80a0, 0x948e8200, 0x94d80000)
Event: 0,774 GC heap after
Heap after GC invocations=3 (full 0):
 def new generation   total 4928K, used 512K [0x6f780000, 0x6fcd0000, 0x7a220000)
  eden space 4416K,   0% used [0x6f780000, 0x6f780000, 0x6fbd0000)
  from space 512K, 100% used [0x6fc50000, 0x6fcd0000, 0x6fcd0000)
  to   space 512K,   0% used [0x6fbd0000, 0x6fbd0000, 0x6fc50000)
 tenured generation   total 10944K, used 1183K [0x7a220000, 0x7acd0000, 0x8f780000)
   the space 10944K,  10% used [0x7a220000, 0x7a347eb0, 0x7a348000, 0x7acd0000)
 compacting perm gen  total 12288K, used 1737K [0x8f780000, 0x90380000, 0x93780000)
   the space 12288K,  14% used [0x8f780000, 0x8f9326e8, 0x8f932800, 0x90380000)
    ro space 10240K,  60% used [0x93780000, 0x93d92050, 0x93d92200, 0x94180000)
    rw space 12288K,  61% used [0x94180000, 0x948e80a0, 0x948e8200, 0x94d80000)
}

Deoptimization events (0 events):
No events

Internal exceptions (10 events):
Event: 0,848 Thread 0xb7506800 Threw 0x6f8ba7a8 at /build/buildd/openjdk-7-7u15-2.3.7/build/openjdk/hotspot/src/share/vm/prims/jvm.cpp:1166
Event: 0,850 Thread 0xb7506800 Threw 0x6f8c72b0 at /build/buildd/openjdk-7-7u15-2.3.7/build/openjdk/hotspot/src/share/vm/prims/jvm.cpp:1166
Event: 0,850 Thread 0xb7506800 Threw 0x6f8c7980 at /build/buildd/openjdk-7-7u15-2.3.7/build/openjdk/hotspot/src/share/vm/prims/jvm.cpp:1166
Event: 0,856 Thread 0xb7506800 Threw 0x6f8e92d8 at /build/buildd/openjdk-7-7u15-2.3.7/build/openjdk/hotspot/src/share/vm/prims/jvm.cpp:1166
Event: 0,856 Thread 0xb7506800 Threw 0x6f8e98c8 at /build/buildd/openjdk-7-7u15-2.3.7/build/openjdk/hotspot/src/share/vm/prims/jvm.cpp:1166
Event: 0,859 Thread 0xb7506800 Threw 0x6f8f4fb8 at /build/buildd/openjdk-7-7u15-2.3.7/build/openjdk/hotspot/src/share/vm/prims/jvm.cpp:1166
Event: 0,859 Thread 0xb7506800 Threw 0x6f8f56c0 at /build/buildd/openjdk-7-7u15-2.3.7/build/openjdk/hotspot/src/share/vm/prims/jvm.cpp:1166
Event: 0,860 Thread 0xb7506800 Threw 0x6f8fc1c8 at /build/buildd/openjdk-7-7u15-2.3.7/build/openjdk/hotspot/src/share/vm/prims/jvm.cpp:1166
Event: 0,860 Thread 0xb7506800 Threw 0x6f8fc8b8 at /build/buildd/openjdk-7-7u15-2.3.7/build/openjdk/hotspot/src/share/vm/prims/jvm.cpp:1166
Event: 0,863 Thread 0xb7506800 Implicit null exception at 0xb55cfffe to 0x00000000

Events (10 events):
Event: 0,848 loading class 0xb472a930
Event: 0,848 loading class 0xb472a930 done
Event: 0,850 loading class 0xb472a8d0
Event: 0,850 loading class 0xb472a8d0 done
Event: 0,856 loading class 0xb4729ab0
Event: 0,856 loading class 0xb4729ab0 done
Event: 0,859 loading class 0xb4705940
Event: 0,859 loading class 0xb4705940 done
Event: 0,860 loading class 0xb4705a18
Event: 0,860 loading class 0xb4705a18 done


Dynamic libraries:
00110000-00127000 r-xp 00000000 08:01 1448192    /lib/i386-linux-gnu/libpthread-2.15.so
00127000-00128000 r--p 00016000 08:01 1448192    /lib/i386-linux-gnu/libpthread-2.15.so
00128000-00129000 rw-p 00017000 08:01 1448192    /lib/i386-linux-gnu/libpthread-2.15.so
00129000-0012b000 rw-p 00000000 00:00 0 
0012b000-0013f000 r-xp 00000000 08:01 1442828    /lib/i386-linux-gnu/libz.so.1.2.3.4
0013f000-00140000 r--p 00013000 08:01 1442828    /lib/i386-linux-gnu/libz.so.1.2.3.4
00140000-00141000 rw-p 00014000 08:01 1442828    /lib/i386-linux-gnu/libz.so.1.2.3.4
00141000-00219000 r-xp 00000000 08:01 2759672    /usr/lib/i386-linux-gnu/libstdc++.so.6.0.16
00219000-0021a000 ---p 000d8000 08:01 2759672    /usr/lib/i386-linux-gnu/libstdc++.so.6.0.16
0021a000-0021e000 r--p 000d8000 08:01 2759672    /usr/lib/i386-linux-gnu/libstdc++.so.6.0.16
0021e000-0021f000 rw-p 000dc000 08:01 2759672    /usr/lib/i386-linux-gnu/libstdc++.so.6.0.16
0021f000-00226000 rw-p 00000000 00:00 0 
00226000-00232000 r-xp 00000000 08:01 1185011    /usr/lib/jvm/java-7-openjdk-i386/jre/lib/i386/libverify.so
00232000-00233000 r--p 0000b000 08:01 1185011    /usr/lib/jvm/java-7-openjdk-i386/jre/lib/i386/libverify.so
00233000-00234000 rw-p 0000c000 08:01 1185011    /usr/lib/jvm/java-7-openjdk-i386/jre/lib/i386/libverify.so
00234000-0025b000 r-xp 00000000 08:01 1184990    /usr/lib/jvm/java-7-openjdk-i386/jre/lib/i386/libjava.so
0025b000-0025c000 r--p 00026000 08:01 1184990    /usr/lib/jvm/java-7-openjdk-i386/jre/lib/i386/libjava.so
0025c000-0025d000 rw-p 00027000 08:01 1184990    /usr/lib/jvm/java-7-openjdk-i386/jre/lib/i386/libjava.so
0025d000-00264000 r-xp 00000000 08:01 1448185    /lib/i386-linux-gnu/libnss_compat-2.15.so
00264000-00265000 r--p 00006000 08:01 1448185    /lib/i386-linux-gnu/libnss_compat-2.15.so
00265000-00266000 rw-p 00007000 08:01 1448185    /lib/i386-linux-gnu/libnss_compat-2.15.so
00266000-00277000 r-xp 00000000 08:01 1184994    /usr/lib/jvm/java-7-openjdk-i386/jre/lib/i386/libnio.so
00277000-00278000 r--p 00010000 08:01 1184994    /usr/lib/jvm/java-7-openjdk-i386/jre/lib/i386/libnio.so
00278000-00279000 rw-p 00011000 08:01 1184994    /usr/lib/jvm/java-7-openjdk-i386/jre/lib/i386/libnio.so
00279000-0027e000 r-xp 00000000 08:01 2759309    /usr/lib/i386-linux-gnu/libffi.so.6.0.0
0027e000-0027f000 r--p 00004000 08:01 2759309    /usr/lib/i386-linux-gnu/libffi.so.6.0.0
0027f000-00280000 rw-p 00005000 08:01 2759309    /usr/lib/i386-linux-gnu/libffi.so.6.0.0
00280000-002ba000 r-xp 00000000 08:01 1442790    /lib/i386-linux-gnu/libpcre.so.3.12.1
002ba000-002bb000 r--p 00039000 08:01 1442790    /lib/i386-linux-gnu/libpcre.so.3.12.1
002bb000-002bc000 rw-p 0003a000 08:01 1442790    /lib/i386-linux-gnu/libpcre.so.3.12.1
002c4000-002ce000 r-xp 00000000 08:01 1448191    /lib/i386-linux-gnu/libnss_nis-2.15.so
002ce000-002cf000 r--p 00009000 08:01 1448191    /lib/i386-linux-gnu/libnss_nis-2.15.so
002cf000-002d0000 rw-p 0000a000 08:01 1448191    /lib/i386-linux-gnu/libnss_nis-2.15.so
002d0000-00423000 r-xp 00000000 08:01 2756716    /usr/lib/i386-linux-gnu/libgio-2.0.so.0.3200.3
00423000-00425000 r--p 00153000 08:01 2756716    /usr/lib/i386-linux-gnu/libgio-2.0.so.0.3200.3
00425000-00426000 rw-p 00155000 08:01 2756716    /usr/lib/i386-linux-gnu/libgio-2.0.so.0.3200.3
00426000-00427000 rw-p 00000000 00:00 0 
00467000-0047d000 r-xp 00000000 08:01 1448203    /lib/i386-linux-gnu/libnsl-2.15.so
0047d000-0047e000 r--p 00015000 08:01 1448203    /lib/i386-linux-gnu/libnsl-2.15.so
0047e000-0047f000 rw-p 00016000 08:01 1448203    /lib/i386-linux-gnu/libnsl-2.15.so
0047f000-00481000 rw-p 00000000 00:00 0 
00481000-004ce000 r-xp 00000000 08:01 2756718    /usr/lib/i386-linux-gnu/libgobject-2.0.so.0.3200.3
004ce000-004cf000 r--p 0004c000 08:01 2756718    /usr/lib/i386-linux-gnu/libgobject-2.0.so.0.3200.3
004cf000-004d0000 rw-p 0004d000 08:01 2756718    /usr/lib/i386-linux-gnu/libgobject-2.0.so.0.3200.3
00545000-0055b000 r-xp 00000000 08:01 1185021    /usr/lib/jvm/java-7-openjdk-i386/jre/lib/i386/libnet.so
0055b000-0055c000 r--p 00015000 08:01 1185021    /usr/lib/jvm/java-7-openjdk-i386/jre/lib/i386/libnet.so
0055c000-0055d000 rw-p 00016000 08:01 1185021    /usr/lib/jvm/java-7-openjdk-i386/jre/lib/i386/libnet.so
0057a000-00596000 r-xp 00000000 08:01 1442738    /lib/i386-linux-gnu/libgcc_s.so.1
00596000-00597000 r--p 0001b000 08:01 1442738    /lib/i386-linux-gnu/libgcc_s.so.1
00597000-00598000 rw-p 0001c000 08:01 1442738    /lib/i386-linux-gnu/libgcc_s.so.1
005ba000-005bd000 r-xp 00000000 08:01 2756717    /usr/lib/i386-linux-gnu/libgmodule-2.0.so.0.3200.3
005bd000-005be000 r--p 00002000 08:01 2756717    /usr/lib/i386-linux-gnu/libgmodule-2.0.so.0.3200.3
005be000-005bf000 rw-p 00003000 08:01 2756717    /usr/lib/i386-linux-gnu/libgmodule-2.0.so.0.3200.3
0060f000-0062f000 r-xp 00000000 08:01 1448195    /lib/i386-linux-gnu/ld-2.15.so
0062f000-00630000 r--p 0001f000 08:01 1448195    /lib/i386-linux-gnu/ld-2.15.so
00630000-00631000 rw-p 00020000 08:01 1448195    /lib/i386-linux-gnu/ld-2.15.so
00631000-00728000 r-xp 00000000 08:01 1441925    /lib/i386-linux-gnu/libglib-2.0.so.0.3200.3
00728000-00729000 r--p 000f6000 08:01 1441925    /lib/i386-linux-gnu/libglib-2.0.so.0.3200.3
00729000-0072a000 rw-p 000f7000 08:01 1441925    /lib/i386-linux-gnu/libglib-2.0.so.0.3200.3
00742000-0076c000 r-xp 00000000 08:01 1448194    /lib/i386-linux-gnu/libm-2.15.so
0076c000-0076d000 r--p 00029000 08:01 1448194    /lib/i386-linux-gnu/libm-2.15.so
0076d000-0076e000 rw-p 0002a000 08:01 1448194    /lib/i386-linux-gnu/libm-2.15.so
00774000-00781000 r-xp 00000000 08:01 1184998    /usr/lib/jvm/java-7-openjdk-i386/jre/lib/i386/jli/libjli.so
00781000-00782000 r--p 0000c000 08:01 1184998    /usr/lib/jvm/java-7-openjdk-i386/jre/lib/i386/jli/libjli.so
00782000-00783000 rw-p 0000d000 08:01 1184998    /usr/lib/jvm/java-7-openjdk-i386/jre/lib/i386/jli/libjli.so
007cc000-007d7000 r-xp 00000000 08:01 1448187    /lib/i386-linux-gnu/libnss_files-2.15.so
007d7000-007d8000 r--p 0000a000 08:01 1448187    /lib/i386-linux-gnu/libnss_files-2.15.so
007d8000-007d9000 rw-p 0000b000 08:01 1448187    /lib/i386-linux-gnu/libnss_files-2.15.so
00800000-0081d000 r-xp 00000000 08:01 1442805    /lib/i386-linux-gnu/libselinux.so.1
0081d000-0081e000 r--p 0001c000 08:01 1442805    /lib/i386-linux-gnu/libselinux.so.1
0081e000-0081f000 rw-p 0001d000 08:01 1442805    /lib/i386-linux-gnu/libselinux.so.1
00837000-0083e000 r-xp 00000000 08:01 1448190    /lib/i386-linux-gnu/librt-2.15.so
0083e000-0083f000 r--p 00006000 08:01 1448190    /lib/i386-linux-gnu/librt-2.15.so
0083f000-00840000 rw-p 00007000 08:01 1448190    /lib/i386-linux-gnu/librt-2.15.so
0097d000-00985000 r-xp 00000000 08:01 1184995    /usr/lib/jvm/java-7-openjdk-i386/jre/lib/i386/libzip.so
00985000-00986000 r--p 00007000 08:01 1184995    /usr/lib/jvm/java-7-openjdk-i386/jre/lib/i386/libzip.so
00986000-00987000 rw-p 00008000 08:01 1184995    /usr/lib/jvm/java-7-openjdk-i386/jre/lib/i386/libzip.so
00a61000-00a64000 r-xp 00000000 08:01 1448198    /lib/i386-linux-gnu/libdl-2.15.so
00a64000-00a65000 r--p 00002000 08:01 1448198    /lib/i386-linux-gnu/libdl-2.15.so
00a65000-00a66000 rw-p 00003000 08:01 1448198    /lib/i386-linux-gnu/libdl-2.15.so
00a73000-00a86000 r-xp 00000000 08:01 1448188    /lib/i386-linux-gnu/libresolv-2.15.so
00a86000-00a87000 ---p 00013000 08:01 1448188    /lib/i386-linux-gnu/libresolv-2.15.so
00a87000-00a88000 r--p 00013000 08:01 1448188    /lib/i386-linux-gnu/libresolv-2.15.so
00a88000-00a89000 rw-p 00014000 08:01 1448188    /lib/i386-linux-gnu/libresolv-2.15.so
00a89000-00a8b000 rw-p 00000000 00:00 0 
00ad8000-00ad9000 r-xp 00000000 00:00 0          [vdso]
00e1b000-00fbe000 r-xp 00000000 08:01 1448183    /lib/i386-linux-gnu/libc-2.15.so
00fbe000-00fbf000 ---p 001a3000 08:01 1448183    /lib/i386-linux-gnu/libc-2.15.so
00fbf000-00fc1000 r--p 001a3000 08:01 1448183    /lib/i386-linux-gnu/libc-2.15.so
00fc1000-00fc2000 rw-p 001a5000 08:01 1448183    /lib/i386-linux-gnu/libc-2.15.so
00fc2000-00fc5000 rw-p 00000000 00:00 0 
00fc5000-01579000 r-xp 00000000 08:01 1185003    /usr/lib/jvm/java-7-openjdk-i386/jre/lib/i386/client/libjvm.so
01579000-01590000 r--p 005b3000 08:01 1185003    /usr/lib/jvm/java-7-openjdk-i386/jre/lib/i386/client/libjvm.so
01590000-0159f000 rw-p 005ca000 08:01 1185003    /usr/lib/jvm/java-7-openjdk-i386/jre/lib/i386/client/libjvm.so
0159f000-019b8000 rw-p 00000000 00:00 0 
08048000-08049000 r-xp 00000000 08:01 2884533    /usr/lib/jvm/java-7-openjdk-i386/jre/bin/java
08049000-0804a000 r--p 00000000 08:01 2884533    /usr/lib/jvm/java-7-openjdk-i386/jre/bin/java
0804a000-0804b000 rw-p 00001000 08:01 2884533    /usr/lib/jvm/java-7-openjdk-i386/jre/bin/java
0892c000-0894d000 rw-p 00000000 00:00 0          [heap]
6f780000-6fcd0000 rw-p 00000000 00:00 0 
6fcd0000-7a220000 rw-p 00000000 00:00 0 
7a220000-7acd0000 rw-p 00000000 00:00 0 
7acd0000-8f780000 rw-p 00000000 00:00 0 
8f780000-90380000 rw-p 00000000 00:00 0 
90380000-93780000 rw-p 00000000 00:00 0 
93780000-93d93000 r--p 00001000 08:01 1181098    /usr/lib/jvm/java-7-openjdk-i386/jre/lib/i386/client/classes.jsa
93d93000-94180000 rw-p 00000000 00:00 0 
94180000-948e9000 rw-p 00614000 08:01 1181098    /usr/lib/jvm/java-7-openjdk-i386/jre/lib/i386/client/classes.jsa
948e9000-94d80000 rw-p 00000000 00:00 0 
94d80000-95099000 rw-p 00d7d000 08:01 1181098    /usr/lib/jvm/java-7-openjdk-i386/jre/lib/i386/client/classes.jsa
95099000-95180000 rw-p 00000000 00:00 0 
95180000-95189000 r-xp 01096000 08:01 1181098    /usr/lib/jvm/java-7-openjdk-i386/jre/lib/i386/client/classes.jsa
95189000-95580000 rw-p 00000000 00:00 0 
b4630000-b4700000 rw-p 00000000 00:00 0 
b4700000-b4792000 rw-p 00000000 00:00 0 
b4792000-b4800000 ---p 00000000 00:00 0 
b4852000-b48af000 rw-p 00000000 00:00 0 
b48af000-b48b2000 ---p 00000000 00:00 0 
b48b2000-b4900000 rw-p 00000000 00:00 0 
b4900000-b49ff000 rw-p 00000000 00:00 0 
b49ff000-b4a00000 ---p 00000000 00:00 0 
b4a1f000-b4a28000 r--s 000bc000 08:01 1185113    /usr/lib/jvm/java-7-openjdk-common/jre/lib/resources.jar
b4a28000-b4a2c000 r--s 00033000 08:01 3154625    /usr/share/java/plexus-utils2-2.0.5.jar
b4a2c000-b4a2e000 r--s 00007000 08:01 3153552    /usr/share/java/commons-cli-1.2.jar
b4a2e000-b4a34000 r--s 0002c000 08:01 3154680    /usr/share/java/sisu-inject-plexus.jar
b4a34000-b4a36000 r--s 00003000 08:01 3153554    /usr/share/java/jsr305-0.1~+svn49.jar
b4a36000-b4a4d000 r--s 000de000 08:01 3154659    /usr/share/java/guava-r09.jar
b4a4d000-b4a59000 r--s 0007c000 08:01 3154734    /usr/share/maven/lib/maven-core-3.0.4.jar
b4a59000-b4a5b000 r--s 0000a000 08:01 3154732    /usr/share/maven/lib/maven-artifact-3.0.4.jar
b4a5b000-b4a5d000 r--s 00007000 08:01 3154740    /usr/share/maven/lib/maven-settings-builder-3.0.4.jar
b4a5d000-b4a61000 r--s 00020000 08:01 3154736    /usr/share/maven/lib/maven-model-builder-3.0.4.jar
b4a61000-b4a62000 r--s 00004000 08:01 3154086    /usr/share/java/wagon-http-shared.jar
b4a62000-b4a64000 r--s 0000b000 08:01 3154731    /usr/share/maven/lib/maven-aether-provider-3.0.4.jar
b4a64000-b4a6a000 r--s 0003e000 08:01 3154733    /usr/share/maven/lib/maven-compat-3.0.4.jar
b4a6a000-b4a71000 r--s 00040000 08:01 3154672    /usr/share/java/sisu-inject-bean.jar
b4a71000-b4a73000 r--s 00009000 08:01 3154738    /usr/share/maven/lib/maven-plugin-api-3.0.4.jar
b4a73000-b4a7f000 r--s 00082000 08:01 658903     /usr/share/maven-repo/org/sonatype/sisu/sisu-guice/3.1.0/sisu-guice-3.1.0.jar
b4a7f000-b4a80000 ---p 00000000 00:00 0 
b4a80000-b4b00000 rw-p 00000000 00:00 0 
b4b00000-b4d00000 r--p 00000000 08:01 2759972    /usr/lib/locale/locale-archive
b4d00000-b4d21000 rw-p 00000000 00:00 0 
b4d21000-b4e00000 ---p 00000000 00:00 0 
b4e00000-b4e01000 rw-p 00000000 00:00 0 
b4e01000-b4e04000 r--s 00013000 08:01 659090     /usr/share/maven-repo/org/sonatype/aether/aether-api/1.13.1/aether-api-1.13.1.jar
b4e04000-b4e07000 r--s 0001d000 08:01 659102     /usr/share/maven-repo/org/sonatype/aether/aether-impl/1.13.1/aether-impl-1.13.1.jar
b4e07000-b4e09000 r--s 00002000 08:01 395438     /usr/share/maven-repo/org/sonatype/plexus/plexus-cipher/1.5/plexus-cipher-1.5.jar
b4e09000-b4e0a000 r--s 00003000 08:01 659085     /usr/share/maven-repo/org/sonatype/aether/aether-spi/1.13.1/aether-spi-1.13.1.jar
b4e0a000-b4e0c000 r--s 00005000 08:01 3154739    /usr/share/maven/lib/maven-repository-metadata-3.0.4.jar
b4e0c000-b4e0d000 r--s 00001000 08:01 3154084    /usr/share/java/wagon-file.jar
b4e0d000-b4e0f000 r--s 0000c000 08:01 3153542    /usr/share/java/commons-logging-1.1.1.jar
b4e0f000-b4e12000 r--s 00011000 08:01 3153613    /usr/share/java/commons-codec-1.5.jar
b4e12000-b4e18000 r--s 00045000 08:01 3153618    /usr/share/java/commons-httpclient-3.1.jar
b4e18000-b4e1a000 r--s 00009000 08:01 3154741    /usr/share/maven/lib/maven-settings-3.0.4.jar
b4e1a000-b4e1c000 r--s 00008000 08:01 3154735    /usr/share/maven/lib/maven-embedder-3.0.4.jar
b4e1c000-b4e1e000 r--s 00025000 08:01 3154737    /usr/share/maven/lib/maven-model-3.0.4.jar
b4e1e000-b4e22000 r--s 0001c000 08:01 659073     /usr/share/maven-repo/org/sonatype/aether/aether-util/1.13.1/aether-util-1.13.1.jar
b4e22000-b4e24000 r--s 00006000 08:01 659108     /usr/share/maven-repo/org/sonatype/aether/aether-connector-wagon/1.13.1/aether-connector-wagon-1.13.1.jar
b4e24000-b4e26000 r--s 0000b000 08:01 395063     /usr/share/maven-repo/org/codehaus/plexus/plexus-interpolation/1.11/plexus-interpolation-1.11.jar
b4e26000-b4e28000 r--s 0000a000 08:01 3154082    /usr/share/java/wagon-provider-api.jar
b4e28000-b4e2a000 r--s 0000a000 08:01 3154585    /usr/share/java/plexus-classworlds2-2.4.jar
b4e2a000-b4e2e000 r--s 00085000 08:01 1185098    /usr/lib/jvm/java-7-openjdk-common/jre/lib/ext/localedata.jar
b4e2e000-b4e31000 ---p 00000000 00:00 0 
b4e31000-b4e7f000 rw-p 00000000 00:00 0 
b4e7f000-b4e82000 ---p 00000000 00:00 0 
b4e82000-b4f00000 rw-p 00000000 00:00 0 
b4f00000-b4f7f000 rw-p 00000000 00:00 0 
b4f7f000-b5000000 ---p 00000000 00:00 0 
b5000000-b5001000 r--s 00006000 08:01 395445     /usr/share/maven-repo/org/sonatype/plexus/plexus-sec-dispatcher/1.3.1/plexus-sec-dispatcher-1.3.1.jar
b5001000-b5003000 r--s 00000000 08:01 3154628    /usr/share/java/plexus-component-annotations-1.5-1.5.5.jar
b5003000-b5006000 r--s 0003c000 08:01 1185095    /usr/lib/jvm/java-7-openjdk-common/jre/lib/ext/sunpkcs11.jar
b5006000-b5007000 r--s 00002000 08:01 1185102    /usr/lib/jvm/java-7-openjdk-common/jre/lib/ext/dnsns.jar
b5007000-b5009000 r--s 00012000 08:01 1185104    /usr/lib/jvm/java-7-openjdk-common/jre/lib/ext/zipfs.jar
b5009000-b500c000 ---p 00000000 00:00 0 
b500c000-b505a000 rw-p 00000000 00:00 0 
b505a000-b505d000 ---p 00000000 00:00 0 
b505d000-b50ab000 rw-p 00000000 00:00 0 
b50ab000-b50ae000 ---p 00000000 00:00 0 
b50ae000-b50fc000 rw-p 00000000 00:00 0 
b50fc000-b50fd000 ---p 00000000 00:00 0 
b50fd000-b517d000 rw-p 00000000 00:00 0 
b517d000-b5329000 r--s 01cdd000 08:01 1185025    /usr/lib/jvm/java-7-openjdk-i386/jre/lib/rt.jar
b5329000-b532f000 rw-p 00000000 00:00 0 
b532f000-b53d4000 rw-p 00000000 00:00 0 
b53d4000-b53d7000 rw-p 00000000 00:00 0 
b53d7000-b5429000 rw-p 00000000 00:00 0 
b5429000-b542f000 rw-p 00000000 00:00 0 
b542f000-b54d4000 rw-p 00000000 00:00 0 
b54d4000-b54da000 rw-p 00000000 00:00 0 
b54da000-b54f4000 rw-p 00000000 00:00 0 
b54f4000-b5500000 rw-p 00000000 00:00 0 
b5500000-b55d8000 rwxp 00000000 00:00 0 
b55d8000-b75ff000 rw-p 00000000 00:00 0 
b75ff000-b7600000 ---p 00000000 00:00 0 
b7600000-b7601000 r--s 00001000 08:01 3154088    /usr/share/java/wagon-http.jar
b7601000-b7604000 r--s 0000f000 08:01 1185106    /usr/lib/jvm/java-7-openjdk-common/jre/lib/ext/pulse-java.jar
b7604000-b7605000 r--s 00007000 08:01 3150346    /usr/share/java/java-atk-wrapper.jar
b7605000-b7608000 r--s 00032000 08:01 1185100    /usr/lib/jvm/java-7-openjdk-common/jre/lib/ext/sunjce_provider.jar
b7608000-b7657000 rw-p 00000000 00:00 0 
b7657000-b7671000 rw-p 00000000 00:00 0 
b7671000-b7675000 rw-p 00000000 00:00 0 
b7675000-b76f1000 rw-p 00000000 00:00 0 
b76f1000-b76f4000 ---p 00000000 00:00 0 
b76f4000-b7745000 rw-p 00000000 00:00 0 
b7745000-b7746000 r--p 005e1000 08:01 2759972    /usr/lib/locale/locale-archive
b7746000-b7753000 rw-p 00000000 00:00 0 
b7753000-b775b000 rw-s 00000000 08:01 1199611    /tmp/hsperfdata_marka/8101
b775b000-b775c000 rw-p 00000000 00:00 0 
b775c000-b775d000 r--p 00000000 00:00 0 
b775d000-b775f000 rw-p 00000000 00:00 0 
bfda4000-bfdc5000 rw-p 00000000 00:00 0          [stack]

VM Arguments:
jvm_args: -Dclassworlds.conf=/usr/share/maven/bin/m2.conf -Dmaven.home=/usr/share/maven 
java_command: org.codehaus.plexus.classworlds.launcher.Launcher compile
Launcher Type: SUN_STANDARD

Environment Variables:
JAVA_HOME=/usr/lib/jvm/java-7-openjdk-i386
PATH=/usr/local/sbin:/usr/local/bin:/usr/sbin:/usr/bin:/sbin:/bin:/usr/games:~/SDE/ide/forge-1.2.2.Final/bin:/opt/node/bin:/home/marka/SDE/ide/forge-1.2.2.Final/bin:/opt/node/bin
USERNAME=marka
SHELL=/bin/bash
DISPLAY=:0

Signal Handlers:
SIGSEGV: [libjvm.so+0x49d3b0], sa_mask[0]=0x7ffbfeff, sa_flags=0x10000004
SIGBUS: [libjvm.so+0x49d3b0], sa_mask[0]=0x7ffbfeff, sa_flags=0x10000004
SIGFPE: [libjvm.so+0x3969c0], sa_mask[0]=0x7ffbfeff, sa_flags=0x10000004
SIGPIPE: [libjvm.so+0x3969c0], sa_mask[0]=0x7ffbfeff, sa_flags=0x10000004
SIGXFSZ: [libjvm.so+0x3969c0], sa_mask[0]=0x7ffbfeff, sa_flags=0x10000004
SIGILL: [libjvm.so+0x3969c0], sa_mask[0]=0x7ffbfeff, sa_flags=0x10000004
SIGUSR1: SIG_DFL, sa_mask[0]=0x00000000, sa_flags=0x00000000
SIGUSR2: [libjvm.so+0x396850], sa_mask[0]=0x00000000, sa_flags=0x10000004
SIGHUP: [libjvm.so+0x396e80], sa_mask[0]=0x7ffbfeff, sa_flags=0x10000004
SIGINT: [libjvm.so+0x396e80], sa_mask[0]=0x7ffbfeff, sa_flags=0x10000004
SIGTERM: [libjvm.so+0x396e80], sa_mask[0]=0x7ffbfeff, sa_flags=0x10000004
SIGQUIT: [libjvm.so+0x396e80], sa_mask[0]=0x7ffbfeff, sa_flags=0x10000004


---------------  S Y S T E M  ---------------

OS:LinuxMint 13 (maya)
uname:Linux 3.2.0-23-generic #36-Ubuntu SMP Tue Apr 10 20:41:14 UTC 2012 i686
libc:glibc 2.15 NPTL 2.15 
rlimit: STACK 8192k, CORE 0k, NPROC 15985, NOFILE 4096, AS infinity
load average:0,95 1,14 1,33

/proc/meminfo:
MemTotal:        2060664 kB
MemFree:          150716 kB
Buffers:           11600 kB
Cached:           289720 kB
SwapCached:        20940 kB
Active:          1124648 kB
Inactive:         671448 kB
Active(anon):     975048 kB
Inactive(anon):   530700 kB
Active(file):     149600 kB
Inactive(file):   140748 kB
Unevictable:         176 kB
Mlocked:             176 kB
HighTotal:       1186760 kB
HighFree:          15084 kB
LowTotal:         873904 kB
LowFree:          135632 kB
SwapTotal:       2096444 kB
SwapFree:        2017592 kB
Dirty:             13568 kB
Writeback:             0 kB
AnonPages:       1479500 kB
Mapped:           110768 kB
Shmem:             10796 kB
Slab:              61228 kB
SReclaimable:      44580 kB
SUnreclaim:        16648 kB
KernelStack:        4256 kB
PageTables:        13652 kB
NFS_Unstable:          0 kB
Bounce:                0 kB
WritebackTmp:          0 kB
CommitLimit:     3126776 kB
Committed_AS:    4028720 kB
VmallocTotal:     122880 kB
VmallocUsed:       55416 kB
VmallocChunk:      60860 kB
HardwareCorrupted:     0 kB
AnonHugePages:         0 kB
HugePages_Total:       0
HugePages_Free:        0
HugePages_Rsvd:        0
HugePages_Surp:        0
Hugepagesize:       4096 kB
DirectMap4k:       12280 kB
DirectMap4M:      897024 kB


CPU:total 2 (1 cores per cpu, 2 threads per core) family 15 model 4 stepping 9, cmov, cx8, fxsr, mmx, sse, sse2, sse3, ht, tsc

/proc/cpuinfo:
processor	: 0
vendor_id	: GenuineIntel
cpu family	: 15
model		: 4
model name	: Intel(R) Pentium(R) 4 CPU 3.00GHz
stepping	: 9
microcode	: 0x3
cpu MHz		: 2999.463
cache size	: 1024 KB
physical id	: 0
siblings	: 2
core id		: 0
cpu cores	: 1
apicid		: 0
initial apicid	: 0
fdiv_bug	: no
hlt_bug		: no
f00f_bug	: no
coma_bug	: no
fpu		: yes
fpu_exception	: yes
cpuid level	: 5
wp		: yes
flags		: fpu vme de pse tsc msr pae mce cx8 apic mtrr pge mca cmov pat pse36 clflush dts acpi mmx fxsr sse sse2 ss ht tm pbe nx lm constant_tsc pebs bts pni dtes64 monitor ds_cpl cid cx16 xtpr lahf_lm
bogomips	: 5998.92
clflush size	: 64
cache_alignment	: 128
address sizes	: 36 bits physical, 48 bits virtual
power management:

processor	: 1
vendor_id	: GenuineIntel
cpu family	: 15
model		: 4
model name	: Intel(R) Pentium(R) 4 CPU 3.00GHz
stepping	: 9
microcode	: 0x3
cpu MHz		: 2999.463
cache size	: 1024 KB
physical id	: 0
siblings	: 2
core id		: 0
cpu cores	: 1
apicid		: 1
initial apicid	: 1
fdiv_bug	: no
hlt_bug		: no
f00f_bug	: no
coma_bug	: no
fpu		: yes
fpu_exception	: yes
cpuid level	: 5
wp		: yes
flags		: fpu vme de pse tsc msr pae mce cx8 apic mtrr pge mca cmov pat pse36 clflush dts acpi mmx fxsr sse sse2 ss ht tm pbe nx lm constant_tsc pebs bts pni dtes64 monitor ds_cpl cid cx16 xtpr lahf_lm
bogomips	: 6000.19
clflush size	: 64
cache_alignment	: 128
address sizes	: 36 bits physical, 48 bits virtual
power management:



Memory: 4k page, physical 2060664k(150716k free), swap 2096444k(2017592k free)

vm_info: OpenJDK Client VM (23.7-b01) for linux-x86 JRE (1.7.0_15-b20), built on Mar  6 2013 20:44:50 by "buildd" with gcc 4.6.3

time: Tue Apr 16 22:47:23 2013
elapsed time: 0 seconds

